g:\users\edward_pc\onedrive - unsw\uni files\2018\s2\mtrn2500\mtrn2500_group_project\project3\project3\debug\vc141.pdb
g:\users\edward_pc\onedrive - unsw\uni files\2018\s2\mtrn2500\mtrn2500_group_project\project3\project3\debug\vc141.idb
g:\users\edward_pc\onedrive - unsw\uni files\2018\s2\mtrn2500\mtrn2500_group_project\project3\project3\debug\vehicle.obj
g:\users\edward_pc\onedrive - unsw\uni files\2018\s2\mtrn2500\mtrn2500_group_project\project3\project3\debug\vectormaths.obj
g:\users\edward_pc\onedrive - unsw\uni files\2018\s2\mtrn2500\mtrn2500_group_project\project3\project3\debug\triprism.obj
g:\users\edward_pc\onedrive - unsw\uni files\2018\s2\mtrn2500\mtrn2500_group_project\project3\project3\debug\trapprism.obj
g:\users\edward_pc\onedrive - unsw\uni files\2018\s2\mtrn2500\mtrn2500_group_project\project3\project3\debug\shape.obj
g:\users\edward_pc\onedrive - unsw\uni files\2018\s2\mtrn2500\mtrn2500_group_project\project3\project3\debug\remotedatamanager.obj
g:\users\edward_pc\onedrive - unsw\uni files\2018\s2\mtrn2500\mtrn2500_group_project\project3\project3\debug\rectprism.obj
g:\users\edward_pc\onedrive - unsw\uni files\2018\s2\mtrn2500\mtrn2500_group_project\project3\project3\debug\quaternion.obj
g:\users\edward_pc\onedrive - unsw\uni files\2018\s2\mtrn2500\mtrn2500_group_project\project3\project3\debug\obstaclemanager.obj
g:\users\edward_pc\onedrive - unsw\uni files\2018\s2\mtrn2500\mtrn2500_group_project\project3\project3\debug\obstacle.obj
g:\users\edward_pc\onedrive - unsw\uni files\2018\s2\mtrn2500\mtrn2500_group_project\project3\project3\debug\messages.obj
g:\users\edward_pc\onedrive - unsw\uni files\2018\s2\mtrn2500\mtrn2500_group_project\project3\project3\debug\main.obj
g:\users\edward_pc\onedrive - unsw\uni files\2018\s2\mtrn2500\mtrn2500_group_project\project3\project3\debug\keymanager.obj
g:\users\edward_pc\onedrive - unsw\uni files\2018\s2\mtrn2500\mtrn2500_group_project\project3\project3\debug\hud.obj
g:\users\edward_pc\onedrive - unsw\uni files\2018\s2\mtrn2500\mtrn2500_group_project\project3\project3\debug\ground.obj
g:\users\edward_pc\onedrive - unsw\uni files\2018\s2\mtrn2500\mtrn2500_group_project\project3\project3\debug\frustum.obj
g:\users\edward_pc\onedrive - unsw\uni files\2018\s2\mtrn2500\mtrn2500_group_project\project3\project3\debug\camera.obj
g:\users\edward_pc\onedrive - unsw\uni files\2018\s2\mtrn2500\mtrn2500_group_project\project3\project3\debug\cylinder.obj
g:\users\edward_pc\onedrive - unsw\uni files\2018\s2\mtrn2500\mtrn2500_group_project\project3\debug\project3.exe
g:\users\edward_pc\onedrive - unsw\uni files\2018\s2\mtrn2500\mtrn2500_group_project\project3\debug\project3.ilk
g:\users\edward_pc\onedrive - unsw\uni files\2018\s2\mtrn2500\mtrn2500_group_project\project3\debug\project3.pdb
g:\users\edward_pc\onedrive - unsw\uni files\2018\s2\mtrn2500\mtrn2500_group_project\project3\project3\debug\project3.tlog\cl.command.1.tlog
g:\users\edward_pc\onedrive - unsw\uni files\2018\s2\mtrn2500\mtrn2500_group_project\project3\project3\debug\project3.tlog\cl.read.1.tlog
g:\users\edward_pc\onedrive - unsw\uni files\2018\s2\mtrn2500\mtrn2500_group_project\project3\project3\debug\project3.tlog\cl.write.1.tlog
g:\users\edward_pc\onedrive - unsw\uni files\2018\s2\mtrn2500\mtrn2500_group_project\project3\project3\debug\project3.tlog\link.command.1.tlog
g:\users\edward_pc\onedrive - unsw\uni files\2018\s2\mtrn2500\mtrn2500_group_project\project3\project3\debug\project3.tlog\link.read.1.tlog
g:\users\edward_pc\onedrive - unsw\uni files\2018\s2\mtrn2500\mtrn2500_group_project\project3\project3\debug\project3.tlog\link.write.1.tlog
